Lab3a_MyBrowser/app/build/intermediates/manifest_merge_blame_file/debug/manifest-merger-blame-debug-report.txt
1<?xml version="1.0" encoding="utf-8"?>
2<manifest xmlns:android="http://schemas.android.com/apk/res/android"
3    package="course.labs.intentslab.mybrowser"
4    android:versionCode="1"
5    android:versionName="1.0" >
6
7    <uses-sdk
7-->src\main\AndroidManifest.xml:8:5-10:41
8        android:minSdkVersion="21"
8-->src\main\AndroidManifest.xml:9:9-35
9        android:targetSdkVersion="29" />
9-->src\main\AndroidManifest.xml:10:9-38
10
11    <application
11-->src\main\AndroidManifest.xml:12:5-40:19
12        android:allowBackup="true"
12-->src\main\AndroidManifest.xml:13:9-35
13        android:debuggable="true"
14        android:icon="@drawable/ic_launcher"
14-->src\main\AndroidManifest.xml:14:9-45
15        android:label="@string/app_name"
15-->src\main\AndroidManifest.xml:15:9-41
16        android:testOnly="true"
17        android:theme="@style/AppTheme" >
17-->src\main\AndroidManifest.xml:16:9-40
18        <activity
18-->src\main\AndroidManifest.xml:17:9-39:20
19            android:name="course.labs.intentslab.mybrowser.MyBrowserActivity"
19-->src\main\AndroidManifest.xml:18:13-46
20            android:label="@string/app_name" >
20-->src\main\AndroidManifest.xml:19:13-45
21            <intent-filter>
21-->src\main\AndroidManifest.xml:20:13-33:29
22                <action android:name="android.intent.action.MAIN" />
22-->src\main\AndroidManifest.xml:22:17-69
22-->src\main\AndroidManifest.xml:22:25-66
23
24                <category android:name="android.intent.category.LAUNCHER" />
24-->src\main\AndroidManifest.xml:23:17-77
24-->src\main\AndroidManifest.xml:23:27-74
25
26                <!-- 三个缺一不可 -->
27                <action android:name="android.intent.action.VIEW" />
27-->src\main\AndroidManifest.xml:26:17-73
27-->src\main\AndroidManifest.xml:26:29-70
28
29                <category android:name="android.intent.category.DEFAULT" />
29-->src\main\AndroidManifest.xml:27:17-78
29-->src\main\AndroidManifest.xml:27:29-75
30
31                <data android:scheme="http" />
31-->src\main\AndroidManifest.xml:28:17-53
31-->src\main\AndroidManifest.xml:28:29-50
32
33                <!-- 有争议，用处未知，可有可无 -->
34                <!-- <category android:name="android.intent.category.BROWSABLE" /> -->
35
36            </intent-filter>
37
38            <!--
39                 TODO - Add necessary intent filter information so that this
40                    Activity will accept Intents with the
41                    action "android.intent.action.VIEW" and with an "http"
42                    schemed URL
43            -->
44        </activity>
45    </application>
46
47</manifest>